<?xml version="1.0" encoding="UTF-8"?>
<!-- Generated by org.testng.reporters.JUnitReportReporter -->
<testsuite hostname="DESKTOP-9P6IIEM" failures="0" tests="1" name="com.NinzaHRMProject.projectTest.SampleTest" time="0.441" errors="0" timestamp="2025-09-20T13:01:03 IST" skipped="0">
  <testcase classname="com.NinzaHRMProject.projectTest.SampleTest" name="sample" time="0.441"/>
</testsuite> <!-- com.NinzaHRMProject.projectTest.SampleTest -->
