<?xml version="1.0" encoding="UTF-8"?>
<!-- Generated by org.testng.reporters.JUnitReportReporter -->
<testsuite hostname="DESKTOP-9P6IIEM" failures="0" tests="3" name="com.NinzaHRMProject.projectTest.SampleTest3" time="3.358" errors="0" timestamp="2025-09-23T13:32:17 IST" skipped="0">
  <testcase classname="com.NinzaHRMProject.projectTest.SampleTest3" name="test3_3" time="1.610"/>
  <testcase classname="com.NinzaHRMProject.projectTest.SampleTest3" name="test3_1" time="0.734"/>
  <testcase classname="com.NinzaHRMProject.projectTest.SampleTest3" name="test3_2" time="1.014"/>
</testsuite> <!-- com.NinzaHRMProject.projectTest.SampleTest3 -->
