<?xml version="1.0" encoding="UTF-8"?>
<!-- Generated by org.testng.reporters.JUnitReportReporter -->
<testsuite hostname="DESKTOP-9P6IIEM" failures="0" tests="2" name="com.NinzaHRMProject.projectTest.SampleTest1" time="4.099" errors="0" timestamp="2025-09-24T11:41:20 IST" skipped="0">
  <testcase classname="com.NinzaHRMProject.projectTest.SampleTest1" name="test1_3" time="1.568"/>
  <testcase classname="com.NinzaHRMProject.projectTest.SampleTest1" name="test1_2" time="2.531"/>
</testsuite> <!-- com.NinzaHRMProject.projectTest.SampleTest1 -->
