<?xml version="1.0" encoding="UTF-8"?>
<!-- Generated by org.testng.reporters.JUnitReportReporter -->
<testsuite hostname="DESKTOP-9P6IIEM" failures="0" tests="3" name="com.NinzaHRMProject.projectTest.SampleTest2" time="3.197" errors="0" timestamp="2025-09-23T13:32:17 IST" skipped="0">
  <testcase classname="com.NinzaHRMProject.projectTest.SampleTest2" name="test2_2" time="1.491"/>
  <testcase classname="com.NinzaHRMProject.projectTest.SampleTest2" name="test2_1" time="0.751"/>
  <testcase classname="com.NinzaHRMProject.projectTest.SampleTest2" name="test2_3" time="0.955"/>
</testsuite> <!-- com.NinzaHRMProject.projectTest.SampleTest2 -->
