<?xml version="1.0" encoding="UTF-8"?>
<!-- Generated by org.testng.reporters.JUnitReportReporter -->
<testsuite hostname="DESKTOP-9P6IIEM" failures="0" tests="3" name="com.NinzaHRMProject.projectTest.SampleTest1" time="3.442" errors="0" timestamp="2025-09-30T11:36:00 IST" skipped="1">
  <testcase classname="com.NinzaHRMProject.projectTest.SampleTest1" name="test1_2" time="2.101"/>
  <testcase classname="com.NinzaHRMProject.projectTest.SampleTest1" name="sample" time="1.341"/>
  <testcase classname="com.NinzaHRMProject.projectTest.SampleTest1" name="test1_3">
    <skipped/>
  </testcase> <!-- test1_3 -->
</testsuite> <!-- com.NinzaHRMProject.projectTest.SampleTest1 -->
