<?xml version="1.0" encoding="UTF-8"?>
<!-- Generated by org.testng.reporters.JUnitReportReporter -->
<testsuite hostname="DESKTOP-9P6IIEM" failures="0" tests="3" name="com.NinzaHRMProject.projectTest.SampleTest2" time="3.625" errors="0" timestamp="2025-09-20T16:07:26 IST" skipped="0">
  <testcase classname="com.NinzaHRMProject.projectTest.SampleTest2" name="test2_2" time="1.253"/>
  <testcase classname="com.NinzaHRMProject.projectTest.SampleTest2" name="test2_1" time="1.103"/>
  <testcase classname="com.NinzaHRMProject.projectTest.SampleTest2" name="test2_3" time="1.269"/>
</testsuite> <!-- com.NinzaHRMProject.projectTest.SampleTest2 -->
