<?xml version="1.0" encoding="UTF-8"?>
<!-- Generated by org.testng.reporters.JUnitReportReporter -->
<testsuite hostname="DESKTOP-9P6IIEM" failures="0" tests="3" name="com.NinzaHRMProject.projectTest.SampleTest3" time="4.759" errors="0" timestamp="2025-09-25T10:47:32 IST" skipped="0">
  <testcase classname="com.NinzaHRMProject.projectTest.SampleTest3" name="test3_1" time="2.067"/>
  <testcase classname="com.NinzaHRMProject.projectTest.SampleTest3" name="test3_3" time="1.459"/>
  <testcase classname="com.NinzaHRMProject.projectTest.SampleTest3" name="test3_2" time="1.233"/>
</testsuite> <!-- com.NinzaHRMProject.projectTest.SampleTest3 -->
