<?xml version="1.0" encoding="UTF-8"?>
<!-- Generated by org.testng.reporters.JUnitReportReporter -->
<testsuite hostname="DESKTOP-9P6IIEM" failures="0" tests="1" name="com.NinzaHRMProject.projectTest.SampleTest1" time="1.789" errors="0" timestamp="2025-09-25T11:57:28 IST" skipped="0">
  <testcase classname="com.NinzaHRMProject.projectTest.SampleTest1" name="test1_3" time="1.789"/>
</testsuite> <!-- com.NinzaHRMProject.projectTest.SampleTest1 -->
