<?xml version="1.0" encoding="UTF-8"?>
<!-- Generated by org.testng.reporters.JUnitReportReporter -->
<testsuite hostname="DESKTOP-9P6IIEM" failures="0" tests="3" name="com.NinzaHRMProject.projectTest.SampleTest3" time="3.845" errors="0" timestamp="2025-09-20T16:07:26 IST" skipped="0">
  <testcase classname="com.NinzaHRMProject.projectTest.SampleTest3" name="test3_2" time="2.042"/>
  <testcase classname="com.NinzaHRMProject.projectTest.SampleTest3" name="test3_3" time="0.933"/>
  <testcase classname="com.NinzaHRMProject.projectTest.SampleTest3" name="test3_1" time="0.870"/>
</testsuite> <!-- com.NinzaHRMProject.projectTest.SampleTest3 -->
