<?xml version="1.0" encoding="UTF-8"?>
<!-- Generated by org.testng.reporters.JUnitReportReporter -->
<testsuite hostname="DESKTOP-9P6IIEM" failures="0" tests="2" name="com.NinzaHRMProject.projectTest.SampleTest1" time="10.831" errors="0" timestamp="2025-09-20T16:07:26 IST" skipped="0">
  <testcase classname="com.NinzaHRMProject.projectTest.SampleTest1" name="test1_3" time="1.907"/>
  <testcase classname="com.NinzaHRMProject.projectTest.SampleTest1" name="test1_2" time="8.924"/>
</testsuite> <!-- com.NinzaHRMProject.projectTest.SampleTest1 -->
