<?xml version="1.0" encoding="UTF-8"?>
<!-- Generated by org.testng.reporters.JUnitReportReporter -->
<testsuite hostname="DESKTOP-9P6IIEM" failures="0" tests="3" name="com.NinzaHRMProject.projectTest.SampleTest2" time="5.629" errors="0" timestamp="2025-09-25T10:47:32 IST" skipped="0">
  <testcase classname="com.NinzaHRMProject.projectTest.SampleTest2" name="test2_3" time="2.714"/>
  <testcase classname="com.NinzaHRMProject.projectTest.SampleTest2" name="aest2_2" time="1.519"/>
  <testcase classname="com.NinzaHRMProject.projectTest.SampleTest2" name="test2_1" time="1.396"/>
</testsuite> <!-- com.NinzaHRMProject.projectTest.SampleTest2 -->
